<?xml version="1.0" encoding="UTF-8" ?>
<testsuite tests="6" failures="0" name="com.dulux.FindARetailer.cukeRunnerTest" time="0.003" errors="0" skipped="0">
  <properties>
[...]
</properties>
  <testcase classname="Scenario: A user wants to search using a postal code" name="Given the user is in the Find a Retailer landing page" time="0.002"/>
  <testcase classname="Scenario: A user wants to search using a postal code" name="When a user enters &quot;3000&quot;" time="0"/>
  <testcase classname="Scenario: A user wants to search using a postal code" name="And clicks on search button" time="0"/>
  <testcase classname="Scenario: A user wants to search using a postal code" name="Then result should be shown" time="0"/>
  <testcase classname="Scenario: A user wants to search using a postal code" name="And the user closes the browser" time="0"/>
  <testcase classname="Scenario: A user wants to search using a postal code" name="Scenario: A user wants to search using a postal code" time="0.001"/>
</testsuite>